#-----------------------------------------------------------
# Vivado v2024.2 (64-bit)
# SW Build 5239630 on Fri Nov 08 22:35:27 MST 2024
# IP Build 5239520 on Sun Nov 10 16:12:51 MST 2024
# SharedData Build 5239561 on Fri Nov 08 14:39:27 MST 2024
# Start of session at: Tue Feb 11 12:17:35 2025
# Process ID         : 290692
# Current directory  : D:/project_13
# Command line       : vivado.exe -gui_launcher_event rodinguilauncherevent298952 D:\project_13\project_13.xpr
# Log file           : D:/project_13/vivado.log
# Journal file       : D:/project_13\vivado.jou
# Running On         : Dheeraj
# Platform           : Windows Server 2016 or Windows 10
# Operating System   : 26100
# Processor Detail   : Intel(R) Core(TM) i7-14650HX
# CPU Frequency      : 2419 MHz
# CPU Physical cores : 16
# CPU Logical cores  : 24
# Host memory        : 14721 MB
# Swap memory        : 6710 MB
# Total Virtual      : 21432 MB
# Available Virtual  : 8194 MB
#-----------------------------------------------------------
start_gui
open_project D:/project_13/project_13.xpr
INFO: [filemgmt 56-3] Default IP Output Path : Could not find the directory 'D:/project_13/project_13.gen/sources_1'.
Scanning sources...
Finished scanning sources
INFO: [IP_Flow 19-234] Refreshing IP repositories
INFO: [IP_Flow 19-1704] No user IP repositories specified
INFO: [IP_Flow 19-2313] Loaded Vivado IP repository 'C:/Xilinx/Vivado/2024.2/data/ip'.
exit
INFO: [Common 17-206] Exiting Vivado at Tue Feb 11 12:19:05 2025...
 specified
INFO: [IP_Flow 19-2313] Loaded Vivado IP repository 'C:/Xilinx/Vivado/2024.2/data/ip'.
update_compile_order -fileset sources_1
